<?xml version="1.0" encoding="UTF-8"?>
<!-- Generated by org.testng.reporters.JUnitReportReporter -->
<testsuite hostname="RAVITEJA" failures="0" tests="1" name="Flipkart_Application.Homepage_and_Navigations" time="43.707" errors="0" timestamp="2023-11-21T15:17:54 IST" skipped="0">
  <testcase classname="Flipkart_Application.Homepage_and_Navigations" name="Homepage_and_Navigations_Check" time="43.707"/>
</testsuite> <!-- Flipkart_Application.Homepage_and_Navigations -->
