<?xml version="1.0" encoding="UTF-8"?>
<!-- Generated by org.testng.reporters.JUnitReportReporter -->
<testsuite hostname="RAVITEJA" failures="0" tests="1" name="Flipkart_Application.Product_Search_And_Add_To_Cart" time="54.937" errors="0" timestamp="2023-11-21T15:22:08 IST" skipped="0">
  <testcase classname="Flipkart_Application.Product_Search_And_Add_To_Cart" name="Product_Search_And_Add_To_Cart_Check" time="54.937"/>
</testsuite> <!-- Flipkart_Application.Product_Search_And_Add_To_Cart -->
