<?xml version="1.0" encoding="UTF-8"?>
<!-- Generated by org.testng.reporters.JUnitReportReporter -->
<testsuite hostname="RAVITEJA" failures="0" tests="1" name="Flipkart_Application.Checkout_Process_Through_Invalid_Mobile_Number" time="59.468" errors="0" timestamp="2023-11-21T15:25:25 IST" skipped="0">
  <testcase classname="Flipkart_Application.Checkout_Process_Through_Invalid_Mobile_Number" name="Checkout_Process_Via_Invalid_Mobile_Number" time="59.468"/>
</testsuite> <!-- Flipkart_Application.Checkout_Process_Through_Invalid_Mobile_Number -->
